0 info it worked if it ends with ok
1 verbose cli [ '/usr/bin/node',
1 verbose cli   '/usr/bin/npm',
1 verbose cli   'install',
1 verbose cli   '--global',
1 verbose cli   '--production',
1 verbose cli   'windows-build-tools' ]
2 info using npm@3.5.2
3 info using node@v8.10.0
4 silly loadCurrentTree Starting
5 silly install loadCurrentTree
6 silly install readGlobalPackageData
7 silly fetchPackageMetaData windows-build-tools
8 silly fetchNamedPackageData windows-build-tools
9 silly mapToRegistry name windows-build-tools
10 silly mapToRegistry using default registry
11 silly mapToRegistry registry https://registry.npmjs.org/
12 silly mapToRegistry uri https://registry.npmjs.org/windows-build-tools
13 verbose request uri https://registry.npmjs.org/windows-build-tools
14 verbose request no auth needed
15 info attempt registry request try #1 at 5:09:51 PM
16 verbose request id a5a7e02a1de16887
17 http request GET https://registry.npmjs.org/windows-build-tools
18 http 200 https://registry.npmjs.org/windows-build-tools
19 verbose headers { date: 'Sat, 14 Jul 2018 17:09:52 GMT',
19 verbose headers   'content-type': 'application/json; charset=UTF-8',
19 verbose headers   'transfer-encoding': 'chunked',
19 verbose headers   connection: 'keep-alive',
19 verbose headers   'set-cookie':
19 verbose headers    [ '__cfduid=da27cb82c03d276892cd708ada08db6ee1531588192; expires=Sun, 14-Jul-19 17:09:52 GMT; path=/; domain=.registry.npmjs.org; HttpOnly' ],
19 verbose headers   'cache-control': 'max-age=300',
19 verbose headers   'cf-cache-status': 'HIT',
19 verbose headers   'cf-ray': '43a599781b44923c-EWR',
19 verbose headers   etag: 'W/"d5633b53a80a0fcbd7a6fc7ce1280f59"',
19 verbose headers   'expect-ct': 'max-age=604800, report-uri="https://report-uri.cloudflare.com/cdn-cgi/beacon/expect-ct"',
19 verbose headers   'last-modified': 'Wed, 20 Jun 2018 02:02:06 GMT',
19 verbose headers   vary: 'accept-encoding, accept',
19 verbose headers   server: 'cloudflare',
19 verbose headers   'content-encoding': 'gzip' }
20 silly get cb [ 200,
20 silly get   { date: 'Sat, 14 Jul 2018 17:09:52 GMT',
20 silly get     'content-type': 'application/json; charset=UTF-8',
20 silly get     'transfer-encoding': 'chunked',
20 silly get     connection: 'keep-alive',
20 silly get     'set-cookie':
20 silly get      [ '__cfduid=da27cb82c03d276892cd708ada08db6ee1531588192; expires=Sun, 14-Jul-19 17:09:52 GMT; path=/; domain=.registry.npmjs.org; HttpOnly' ],
20 silly get     'cache-control': 'max-age=300',
20 silly get     'cf-cache-status': 'HIT',
20 silly get     'cf-ray': '43a599781b44923c-EWR',
20 silly get     etag: 'W/"d5633b53a80a0fcbd7a6fc7ce1280f59"',
20 silly get     'expect-ct': 'max-age=604800, report-uri="https://report-uri.cloudflare.com/cdn-cgi/beacon/expect-ct"',
20 silly get     'last-modified': 'Wed, 20 Jun 2018 02:02:06 GMT',
20 silly get     vary: 'accept-encoding, accept',
20 silly get     server: 'cloudflare',
20 silly get     'content-encoding': 'gzip' } ]
21 verbose get saving windows-build-tools to /root/.npm/registry.npmjs.org/windows-build-tools/.cache.json
22 silly install normalizeTree
23 silly loadCurrentTree Finishing
24 silly loadIdealTree Starting
25 silly install loadIdealTree
26 silly cloneCurrentTree Starting
27 silly install cloneCurrentTreeToIdealTree
28 silly cloneCurrentTree Finishing
29 silly loadShrinkwrap Starting
30 silly install loadShrinkwrap
31 silly loadShrinkwrap Finishing
32 silly loadAllDepsIntoIdealTree Starting
33 silly install loadAllDepsIntoIdealTree
34 silly rollbackFailedOptional Starting
35 silly rollbackFailedOptional Finishing
36 silly runTopLevelLifecycles Starting
37 silly runTopLevelLifecycles Finishing
38 silly install printInstalled
39 verbose stack Error: Unsupported
39 verbose stack     at checkPlatform (/usr/share/npm/node_modules/npm-install-checks/index.js:46:14)
39 verbose stack     at Array.<anonymous> (/usr/share/npm/node_modules/slide/lib/bind-actor.js:15:8)
39 verbose stack     at LOOP (/usr/share/npm/node_modules/slide/lib/chain.js:15:14)
39 verbose stack     at /usr/share/npm/node_modules/slide/lib/chain.js:18:7
39 verbose stack     at checkEngine (/usr/share/npm/node_modules/npm-install-checks/index.js:25:10)
39 verbose stack     at Array.<anonymous> (/usr/share/npm/node_modules/slide/lib/bind-actor.js:15:8)
39 verbose stack     at LOOP (/usr/share/npm/node_modules/slide/lib/chain.js:15:14)
39 verbose stack     at chain (/usr/share/npm/node_modules/slide/lib/chain.js:20:5)
39 verbose stack     at module.exports.isInstallable (/usr/share/npm/lib/install/validate-args.js:26:3)
39 verbose stack     at Array.<anonymous> (/usr/share/npm/node_modules/slide/lib/bind-actor.js:15:8)
40 verbose pkgid windows-build-tools@3.0.1
41 verbose cwd /root/azoth
42 error Linux 4.15.0-20-generic
43 error argv "/usr/bin/node" "/usr/bin/npm" "install" "--global" "--production" "windows-build-tools"
44 error node v8.10.0
45 error npm  v3.5.2
46 error code EBADPLATFORM
47 error notsup Not compatible with your operating system or architecture: windows-build-tools@3.0.1
48 error notsup Valid OS:    win32
48 error notsup Valid Arch:  any
48 error notsup Actual OS:   linux
48 error notsup Actual Arch: x64
49 verbose exit [ 1, true ]
